<?xml version="1.0" encoding="UTF-8"?>
<!-- Generated by org.testng.reporters.JUnitXMLReporter -->
<testsuite ignored="8" hostname="NAGARAJU" failures="0" tests="3" name="Test" time="0.081" errors="0" timestamp="2024-10-17T13:20:17 IST">
  <testcase classname="groupExecution1.Test2" name="demo1" time="0.015"/>
  <testcase classname="groupExecution1.Test1" name="demo1" time="0.001"/>
  <testcase classname="groupExecution1.Test1" name="demo3" time="0.001"/>
  <testcase classname="groupExecution1.Test3" name="demo3" time="0.0">
    <ignored/>
  </testcase> <!-- demo3 -->
  <testcase classname="groupExecution1.Test2" name="demo3" time="0.0">
    <ignored/>
  </testcase> <!-- demo3 -->
  <testcase classname="groupExecution1.Test2" name="demo2" time="0.0">
    <ignored/>
  </testcase> <!-- demo2 -->
  <testcase classname="groupExecution1.Test3" name="demo1" time="0.0">
    <ignored/>
  </testcase> <!-- demo1 -->
  <testcase classname="groupExecution1.Test1" name="demo2" time="0.0">
    <ignored/>
  </testcase> <!-- demo2 -->
  <testcase classname="groupExecution1.Test4" name="demo2" time="0.0">
    <ignored/>
  </testcase> <!-- demo2 -->
  <testcase classname="groupExecution1.Test3" name="demo2" time="0.0">
    <ignored/>
  </testcase> <!-- demo2 -->
  <testcase classname="groupExecution1.Test4" name="demo1" time="0.0">
    <ignored/>
  </testcase> <!-- demo1 -->
</testsuite> <!-- Test -->
