<?xml version="1.0" encoding="UTF-8"?>
<!-- Generated by org.testng.reporters.JUnitXMLReporter -->
<testsuite ignored="0" hostname="NAGARAJU" failures="0" tests="4" name="Test Runner3" time="0.067" errors="0" timestamp="2024-10-18T12:28:12 IST">
  <testcase classname="distributedParallel.Test6" name="demo1" time="0.014"/>
  <testcase classname="distributedParallel.Test6" name="demo2" time="0.001"/>
  <testcase classname="distributedParallel.Test5" name="demo1" time="0.003"/>
  <testcase classname="distributedParallel.Test5" name="demo2" time="0.001"/>
</testsuite> <!-- Test Runner3 -->
