<?xml version="1.0" encoding="UTF-8"?>
<!-- Generated by org.testng.reporters.JUnitXMLReporter -->
<testsuite ignored="0" hostname="NAGARAJU" failures="0" tests="4" name="Test Runner1" time="0.1" errors="0" timestamp="2024-10-18T12:28:12 IST">
  <testcase classname="distributedParallel.Test2" name="demo1" time="0.014"/>
  <testcase classname="distributedParallel.Test2" name="demo2" time="0.016"/>
  <testcase classname="distributedParallel.Test1" name="demo1" time="0.015"/>
  <testcase classname="distributedParallel.Test1" name="demo2" time="0.003"/>
</testsuite> <!-- Test Runner1 -->
